Using pre-set license
Built from '2020.2/staging' branch; Version is '2020.2.3f1 (8ff31bc5bf5b) revision 9433883'; Using compiler version '192528614'; Build Type 'Release'
OS: 'Windows 10 Home; OS build 19043.1237; Version 2009; 64bit' Language: 'fr' Physical Memory: 8023 MB
BatchMode: 1, IsHumanControllingUs: 0, StartBugReporterOnCrash: 0, Is64bit: 1, IsPro: 0

 COMMAND LINE ARGUMENTS:
C:\Program Files\Unity\Hub\Editor\2020.2.3f1\Editor\Unity.exe
-adb2
-batchMode
-noUpm
-name
AssetImportWorker0
-projectPath
C:/Users/ingri/OneDrive/Bureau/Gamification/Gamification/New Unity Project
-logFile
Logs/AssetImportWorker0.log
-srvPort
50985
Successfully changed project path to: C:/Users/ingri/OneDrive/Bureau/Gamification/Gamification/New Unity Project
C:/Users/ingri/OneDrive/Bureau/Gamification/Gamification/New Unity Project
Using Asset Import Pipeline V2.
Refreshing native plugins compatible for Editor in 117.91 ms, found 0 plugins.
Preloading 0 native plugins for Editor in 0.00 ms.
Initialize engine version: 2020.2.3f1 (8ff31bc5bf5b)
[Subsystems] Discovering subsystems at path C:/Program Files/Unity/Hub/Editor/2020.2.3f1/Editor/Data/Resources/UnitySubsystems
[Subsystems] Discovering subsystems at path C:/Users/ingri/OneDrive/Bureau/Gamification/Gamification/New Unity Project/Assets
GfxDevice: creating device client; threaded=0
Direct3D:
    Version:  Direct3D 11.0 [level 11.1]
    Renderer: NVIDIA GeForce GTX 1660 Ti (ID=0x2191)
    Vendor:   
    VRAM:     5991 MB
    Driver:   27.21.14.5167
Initialize mono
Mono path[0] = 'C:/Program Files/Unity/Hub/Editor/2020.2.3f1/Editor/Data/Managed'
Mono path[1] = 'C:/Program Files/Unity/Hub/Editor/2020.2.3f1/Editor/Data/MonoBleedingEdge/lib/mono/unityjit'
Mono config path = 'C:/Program Files/Unity/Hub/Editor/2020.2.3f1/Editor/Data/MonoBleedingEdge/etc'
Using monoOptions --debugger-agent=transport=dt_socket,embedding=1,server=y,suspend=n,address=127.0.0.1:56468
Begin MonoManager ReloadAssembly
Registering precompiled unity dll's ...
Register platform support module: C:/Program Files/Unity/Hub/Editor/2020.2.3f1/Editor/Data/PlaybackEngines/WindowsStandaloneSupport/UnityEditor.WindowsStandalone.Extensions.dll
Registered in 0.003164 seconds.
Native extension for WindowsStandalone target not found
Refreshing native plugins compatible for Editor in 68.75 ms, found 0 plugins.
Preloading 0 native plugins for Editor in 0.00 ms.
Invoked RoslynAnalysisRunner static constructor.
RoslynAnalysisRunner will not be running.
RoslynAnalysisRunner has terminated.
Mono: successfully reloaded assembly
- Completed reload, in  4.611 seconds
Platform modules already initialized, skipping
Registering precompiled user dll's ...
Registered in 0.001923 seconds.
Begin MonoManager ReloadAssembly
Native extension for WindowsStandalone target not found
Refreshing native plugins compatible for Editor in 70.81 ms, found 0 plugins.
Preloading 0 native plugins for Editor in 0.00 ms.
Invoked RoslynAnalysisRunner static constructor.
RoslynAnalysisRunner will not be running.
RoslynAnalysisRunner has terminated.
Mono: successfully reloaded assembly
- Completed reload, in  1.387 seconds
Platform modules already initialized, skipping
========================================================================
Worker process is ready to serve import requests
Shader 'Universal Render Pipeline/Particles/Lit': fallback shader 'Universal Render Pipeline/Particles/SimpleLit' not found
Shader 'Universal Render Pipeline/Particles/Lit': fallback shader 'Universal Render Pipeline/Particles/SimpleLit' not found
Launched and connected shader compiler UnityShaderCompiler.exe after 0.08 seconds
Refreshing native plugins compatible for Editor in 0.77 ms, found 0 plugins.
Preloading 0 native plugins for Editor in 0.00 ms.
Unloading 2402 Unused Serialized files (Serialized files now loaded: 0)
System memory in use before: 112.4 MB.
System memory in use after: 110.1 MB.

Unloading 45 unused Assets to reduce memory usage. Loaded Objects now: 2812.
Total: 4.493300 ms (FindLiveObjects: 0.330600 ms CreateObjectMapping: 0.172000 ms MarkObjects: 1.863400 ms  DeleteObjects: 2.126000 ms)

========================================================================
Received Import Request.
  path: Assets/Scripts/Julia/Sprinter.cs
  artifactKey: Guid(c91fa734a76b8064a88cb368152d1b5d) Importer(815301076,1909f56bfc062723c751e8b465ee728b)
Start importing Assets/Scripts/Julia/Sprinter.cs using Guid(c91fa734a76b8064a88cb368152d1b5d) Importer(815301076,1909f56bfc062723c751e8b465ee728b)  -> (artifact id: 'f06405de74977bc0290c5e67a071a40f') in 0.037125 seconds
  Import took 0.042519 seconds .

========================================================================
Received Prepare
Registering precompiled user dll's ...
Registered in 0.002072 seconds.
Begin MonoManager ReloadAssembly
Native extension for WindowsStandalone target not found
Refreshing native plugins compatible for Editor in 0.68 ms, found 0 plugins.
Preloading 0 native plugins for Editor in 0.00 ms.
Invoked RoslynAnalysisRunner static constructor.
RoslynAnalysisRunner will not be running.
RoslynAnalysisRunner has terminated.
Mono: successfully reloaded assembly
- Completed reload, in  1.777 seconds
Platform modules already initialized, skipping
Shader 'Universal Render Pipeline/Particles/Lit': fallback shader 'Universal Render Pipeline/Particles/SimpleLit' not found
Shader 'Universal Render Pipeline/Particles/Lit': fallback shader 'Universal Render Pipeline/Particles/SimpleLit' not found
Refreshing native plugins compatible for Editor in 0.42 ms, found 0 plugins.
Preloading 0 native plugins for Editor in 0.00 ms.
Unloading 2327 Unused Serialized files (Serialized files now loaded: 0)
System memory in use before: 109.2 MB.
System memory in use after: 107.0 MB.

Unloading 40 unused Assets to reduce memory usage. Loaded Objects now: 2814.
Total: 4.156500 ms (FindLiveObjects: 0.303100 ms CreateObjectMapping: 0.152200 ms MarkObjects: 2.085000 ms  DeleteObjects: 1.614600 ms)

========================================================================
Received Import Request.
  Time since last request: 447.747617 seconds.
  path: Assets/Scripts/Julia/Sprinter.cs
  artifactKey: Guid(c91fa734a76b8064a88cb368152d1b5d) Importer(815301076,1909f56bfc062723c751e8b465ee728b)
Start importing Assets/Scripts/Julia/Sprinter.cs using Guid(c91fa734a76b8064a88cb368152d1b5d) Importer(815301076,1909f56bfc062723c751e8b465ee728b)  -> (artifact id: '50ff1590a4dba26b5037292cf5edc470') in 0.006791 seconds
  Import took 0.011066 seconds .

========================================================================
Received Prepare
Registering precompiled user dll's ...
Registered in 0.002000 seconds.
Begin MonoManager ReloadAssembly
Native extension for WindowsStandalone target not found
Refreshing native plugins compatible for Editor in 0.46 ms, found 0 plugins.
Preloading 0 native plugins for Editor in 0.00 ms.
Invoked RoslynAnalysisRunner static constructor.
RoslynAnalysisRunner will not be running.
RoslynAnalysisRunner has terminated.
Mono: successfully reloaded assembly
- Completed reload, in  1.402 seconds
Platform modules already initialized, skipping
Shader 'Universal Render Pipeline/Particles/Lit': fallback shader 'Universal Render Pipeline/Particles/SimpleLit' not found
Shader 'Universal Render Pipeline/Particles/Lit': fallback shader 'Universal Render Pipeline/Particles/SimpleLit' not found
Refreshing native plugins compatible for Editor in 0.46 ms, found 0 plugins.
Preloading 0 native plugins for Editor in 0.00 ms.
Unloading 2327 Unused Serialized files (Serialized files now loaded: 0)
System memory in use before: 109.3 MB.
System memory in use after: 107.1 MB.

Unloading 40 unused Assets to reduce memory usage. Loaded Objects now: 2816.
Total: 5.299800 ms (FindLiveObjects: 0.283000 ms CreateObjectMapping: 0.134200 ms MarkObjects: 2.527400 ms  DeleteObjects: 2.353700 ms)

========================================================================
Received Import Request.
  Time since last request: 143.811316 seconds.
  path: Assets/Scripts/Julia/Sprinter.cs
  artifactKey: Guid(c91fa734a76b8064a88cb368152d1b5d) Importer(815301076,1909f56bfc062723c751e8b465ee728b)
Start importing Assets/Scripts/Julia/Sprinter.cs using Guid(c91fa734a76b8064a88cb368152d1b5d) Importer(815301076,1909f56bfc062723c751e8b465ee728b)  -> (artifact id: '39c00ccdeaeee0a0fd44f53747151876') in 0.008495 seconds
  Import took 0.014614 seconds .

========================================================================
Received Import Request.
  Time since last request: 121.555184 seconds.
  path: Assets/Prefabs/Ennemies/Ennemy.prefab
  artifactKey: Guid(51b1610d660a205469f7dc6f08edb2f4) Importer(815301076,1909f56bfc062723c751e8b465ee728b)
Start importing Assets/Prefabs/Ennemies/Ennemy.prefab using Guid(51b1610d660a205469f7dc6f08edb2f4) Importer(815301076,1909f56bfc062723c751e8b465ee728b)  -> (artifact id: '1dd8f1b1e541d8e0c1878ee8e4d5bb14') in 0.373965 seconds
  Import took 0.381118 seconds .

========================================================================
Received Import Request.
  Time since last request: 1.019296 seconds.
  path: Assets/Prefabs/Ennemies/Sprinter.prefab
  artifactKey: Guid(68160dcce929fb049ab7f3214f376b38) Importer(815301076,1909f56bfc062723c751e8b465ee728b)
Start importing Assets/Prefabs/Ennemies/Sprinter.prefab using Guid(68160dcce929fb049ab7f3214f376b38) Importer(815301076,1909f56bfc062723c751e8b465ee728b)  -> (artifact id: '9a9dd657faed63ec0f8e1bf1814776bd') in 0.014659 seconds
  Import took 0.019908 seconds .

========================================================================
Received Import Request.
  Time since last request: 0.018847 seconds.
  path: Assets/Prefabs/Ennemies/Sprinter.prefab
  artifactKey: Guid(68160dcce929fb049ab7f3214f376b38) Importer(815301076,1909f56bfc062723c751e8b465ee728b)
Start importing Assets/Prefabs/Ennemies/Sprinter.prefab using Guid(68160dcce929fb049ab7f3214f376b38) Importer(815301076,1909f56bfc062723c751e8b465ee728b)  -> (artifact id: '9a9dd657faed63ec0f8e1bf1814776bd') in 0.015292 seconds
  Import took 0.021614 seconds .

========================================================================
Received Prepare
Registering precompiled user dll's ...
Registered in 0.002017 seconds.
Begin MonoManager ReloadAssembly
Native extension for WindowsStandalone target not found
Refreshing native plugins compatible for Editor in 0.45 ms, found 0 plugins.
Preloading 0 native plugins for Editor in 0.00 ms.
Invoked RoslynAnalysisRunner static constructor.
RoslynAnalysisRunner will not be running.
RoslynAnalysisRunner has terminated.
Mono: successfully reloaded assembly
- Completed reload, in  1.133 seconds
Platform modules already initialized, skipping
Shader 'Universal Render Pipeline/Particles/Lit': fallback shader 'Universal Render Pipeline/Particles/SimpleLit' not found
Shader 'Universal Render Pipeline/Particles/Lit': fallback shader 'Universal Render Pipeline/Particles/SimpleLit' not found
Refreshing native plugins compatible for Editor in 1.20 ms, found 0 plugins.
Preloading 0 native plugins for Editor in 0.00 ms.
Unloading 2327 Unused Serialized files (Serialized files now loaded: 0)
System memory in use before: 114.5 MB.
System memory in use after: 112.2 MB.

Unloading 40 unused Assets to reduce memory usage. Loaded Objects now: 2864.
Total: 7.631100 ms (FindLiveObjects: 0.738700 ms CreateObjectMapping: 0.423200 ms MarkObjects: 3.141600 ms  DeleteObjects: 3.325300 ms)

========================================================================
Received Prepare
Registering precompiled user dll's ...
Registered in 0.002046 seconds.
Begin MonoManager ReloadAssembly
Native extension for WindowsStandalone target not found
Refreshing native plugins compatible for Editor in 0.47 ms, found 0 plugins.
Preloading 0 native plugins for Editor in 0.00 ms.
Invoked RoslynAnalysisRunner static constructor.
RoslynAnalysisRunner will not be running.
RoslynAnalysisRunner has terminated.
Mono: successfully reloaded assembly
- Completed reload, in  1.220 seconds
Platform modules already initialized, skipping
Shader 'Universal Render Pipeline/Particles/Lit': fallback shader 'Universal Render Pipeline/Particles/SimpleLit' not found
Shader 'Universal Render Pipeline/Particles/Lit': fallback shader 'Universal Render Pipeline/Particles/SimpleLit' not found
Refreshing native plugins compatible for Editor in 0.80 ms, found 0 plugins.
Preloading 0 native plugins for Editor in 0.00 ms.
Unloading 2327 Unused Serialized files (Serialized files now loaded: 0)
System memory in use before: 114.5 MB.
System memory in use after: 112.3 MB.

Unloading 40 unused Assets to reduce memory usage. Loaded Objects now: 2866.
Total: 5.042800 ms (FindLiveObjects: 0.704700 ms CreateObjectMapping: 0.209100 ms MarkObjects: 2.346300 ms  DeleteObjects: 1.781000 ms)

========================================================================
Received Prepare
Registering precompiled user dll's ...
Registered in 0.001695 seconds.
Begin MonoManager ReloadAssembly
Native extension for WindowsStandalone target not found
Refreshing native plugins compatible for Editor in 0.58 ms, found 0 plugins.
Preloading 0 native plugins for Editor in 0.00 ms.
Invoked RoslynAnalysisRunner static constructor.
RoslynAnalysisRunner will not be running.
RoslynAnalysisRunner has terminated.
Mono: successfully reloaded assembly
- Completed reload, in  0.943 seconds
Platform modules already initialized, skipping
Shader 'Universal Render Pipeline/Particles/Lit': fallback shader 'Universal Render Pipeline/Particles/SimpleLit' not found
Shader 'Universal Render Pipeline/Particles/Lit': fallback shader 'Universal Render Pipeline/Particles/SimpleLit' not found
Refreshing native plugins compatible for Editor in 0.37 ms, found 0 plugins.
Preloading 0 native plugins for Editor in 0.00 ms.
Unloading 2327 Unused Serialized files (Serialized files now loaded: 0)
System memory in use before: 114.4 MB.
System memory in use after: 112.2 MB.

Unloading 40 unused Assets to reduce memory usage. Loaded Objects now: 2868.
Total: 10.213700 ms (FindLiveObjects: 1.197300 ms CreateObjectMapping: 0.590400 ms MarkObjects: 5.370400 ms  DeleteObjects: 3.051800 ms)

========================================================================
Received Import Request.
  Time since last request: 287.441446 seconds.
  path: Assets/Prefabs/Ennemies/Walker.prefab
  artifactKey: Guid(68160dcce929fb049ab7f3214f376b38) Importer(815301076,1909f56bfc062723c751e8b465ee728b)
Start importing Assets/Prefabs/Ennemies/Walker.prefab using Guid(68160dcce929fb049ab7f3214f376b38) Importer(815301076,1909f56bfc062723c751e8b465ee728b)  -> (artifact id: '55a90ff63a508144807847d5cb0feb2b') in 0.151002 seconds
  Import took 0.158282 seconds .

========================================================================
Received Import Request.
  Time since last request: 17.050762 seconds.
  path: Assets/Prefabs/Ennemies/Sprinter.prefab
  artifactKey: Guid(d158a0af72e9af942ae3b37d168bba79) Importer(815301076,1909f56bfc062723c751e8b465ee728b)
Start importing Assets/Prefabs/Ennemies/Sprinter.prefab using Guid(d158a0af72e9af942ae3b37d168bba79) Importer(815301076,1909f56bfc062723c751e8b465ee728b)  -> (artifact id: '747d61f348d945b5d4de8d30234625a9') in 0.022717 seconds
  Import took 0.030877 seconds .

========================================================================
Received Import Request.
  Time since last request: 0.000802 seconds.
  path: Assets/Prefabs/Ennemies/Sprinter.prefab
  artifactKey: Guid(d158a0af72e9af942ae3b37d168bba79) Importer(815301076,1909f56bfc062723c751e8b465ee728b)
Start importing Assets/Prefabs/Ennemies/Sprinter.prefab using Guid(d158a0af72e9af942ae3b37d168bba79) Importer(815301076,1909f56bfc062723c751e8b465ee728b)  -> (artifact id: '747d61f348d945b5d4de8d30234625a9') in 0.015095 seconds
  Import took 0.023083 seconds .

========================================================================
Received Prepare
Registering precompiled user dll's ...
Registered in 0.001323 seconds.
Begin MonoManager ReloadAssembly
Native extension for WindowsStandalone target not found
Refreshing native plugins compatible for Editor in 0.36 ms, found 0 plugins.
Preloading 0 native plugins for Editor in 0.00 ms.
Invoked RoslynAnalysisRunner static constructor.
RoslynAnalysisRunner will not be running.
RoslynAnalysisRunner has terminated.
Mono: successfully reloaded assembly
- Completed reload, in  0.959 seconds
Platform modules already initialized, skipping
Shader 'Universal Render Pipeline/Particles/Lit': fallback shader 'Universal Render Pipeline/Particles/SimpleLit' not found
Shader 'Universal Render Pipeline/Particles/Lit': fallback shader 'Universal Render Pipeline/Particles/SimpleLit' not found
Refreshing native plugins compatible for Editor in 0.67 ms, found 0 plugins.
Preloading 0 native plugins for Editor in 0.00 ms.
Unloading 2327 Unused Serialized files (Serialized files now loaded: 0)
System memory in use before: 114.6 MB.
System memory in use after: 112.4 MB.

Unloading 40 unused Assets to reduce memory usage. Loaded Objects now: 2906.
Total: 5.914200 ms (FindLiveObjects: 0.430300 ms CreateObjectMapping: 0.288800 ms MarkObjects: 2.915800 ms  DeleteObjects: 2.277700 ms)

========================================================================
Received Prepare
Registering precompiled user dll's ...
Registered in 0.005751 seconds.
Begin MonoManager ReloadAssembly
Native extension for WindowsStandalone target not found
Refreshing native plugins compatible for Editor in 0.36 ms, found 0 plugins.
Preloading 0 native plugins for Editor in 0.00 ms.
Invoked RoslynAnalysisRunner static constructor.
RoslynAnalysisRunner will not be running.
RoslynAnalysisRunner has terminated.
Mono: successfully reloaded assembly
- Completed reload, in  0.989 seconds
Platform modules already initialized, skipping
Shader 'Universal Render Pipeline/Particles/Lit': fallback shader 'Universal Render Pipeline/Particles/SimpleLit' not found
Shader 'Universal Render Pipeline/Particles/Lit': fallback shader 'Universal Render Pipeline/Particles/SimpleLit' not found
Refreshing native plugins compatible for Editor in 0.35 ms, found 0 plugins.
Preloading 0 native plugins for Editor in 0.00 ms.
Unloading 2327 Unused Serialized files (Serialized files now loaded: 0)
System memory in use before: 114.7 MB.
System memory in use after: 112.4 MB.

Unloading 40 unused Assets to reduce memory usage. Loaded Objects now: 2908.
Total: 8.062300 ms (FindLiveObjects: 0.801900 ms CreateObjectMapping: 0.426600 ms MarkObjects: 4.124300 ms  DeleteObjects: 2.707000 ms)

========================================================================
Received Prepare
Registering precompiled user dll's ...
Registered in 0.001439 seconds.
Begin MonoManager ReloadAssembly
Native extension for WindowsStandalone target not found
Refreshing native plugins compatible for Editor in 0.36 ms, found 0 plugins.
Preloading 0 native plugins for Editor in 0.00 ms.
Invoked RoslynAnalysisRunner static constructor.
RoslynAnalysisRunner will not be running.
RoslynAnalysisRunner has terminated.
Mono: successfully reloaded assembly
- Completed reload, in  0.981 seconds
Platform modules already initialized, skipping
Shader 'Universal Render Pipeline/Particles/Lit': fallback shader 'Universal Render Pipeline/Particles/SimpleLit' not found
Shader 'Universal Render Pipeline/Particles/Lit': fallback shader 'Universal Render Pipeline/Particles/SimpleLit' not found
Refreshing native plugins compatible for Editor in 0.41 ms, found 0 plugins.
Preloading 0 native plugins for Editor in 0.00 ms.
Unloading 2327 Unused Serialized files (Serialized files now loaded: 0)
System memory in use before: 114.6 MB.
System memory in use after: 112.4 MB.

Unloading 40 unused Assets to reduce memory usage. Loaded Objects now: 2910.
Total: 3.567000 ms (FindLiveObjects: 0.344300 ms CreateObjectMapping: 0.112900 ms MarkObjects: 1.837300 ms  DeleteObjects: 1.271300 ms)

========================================================================
Received Prepare
Registering precompiled user dll's ...
Registered in 0.001391 seconds.
Begin MonoManager ReloadAssembly
Native extension for WindowsStandalone target not found
Refreshing native plugins compatible for Editor in 0.38 ms, found 0 plugins.
Preloading 0 native plugins for Editor in 0.00 ms.
Invoked RoslynAnalysisRunner static constructor.
RoslynAnalysisRunner will not be running.
RoslynAnalysisRunner has terminated.
Mono: successfully reloaded assembly
- Completed reload, in  0.948 seconds
Platform modules already initialized, skipping
Shader 'Universal Render Pipeline/Particles/Lit': fallback shader 'Universal Render Pipeline/Particles/SimpleLit' not found
Shader 'Universal Render Pipeline/Particles/Lit': fallback shader 'Universal Render Pipeline/Particles/SimpleLit' not found
Refreshing native plugins compatible for Editor in 0.52 ms, found 0 plugins.
Preloading 0 native plugins for Editor in 0.00 ms.
Unloading 2327 Unused Serialized files (Serialized files now loaded: 0)
System memory in use before: 114.6 MB.
System memory in use after: 112.4 MB.

Unloading 40 unused Assets to reduce memory usage. Loaded Objects now: 2912.
Total: 23.311600 ms (FindLiveObjects: 16.431000 ms CreateObjectMapping: 0.300600 ms MarkObjects: 4.495500 ms  DeleteObjects: 2.082700 ms)

========================================================================
Received Import Request.
  Time since last request: 684.763534 seconds.
  path: Assets/Scripts/Julia/Shooter.cs
  artifactKey: Guid(4f4054ca4d94fa14aa063271ed2d0f6f) Importer(815301076,1909f56bfc062723c751e8b465ee728b)
Start importing Assets/Scripts/Julia/Shooter.cs using Guid(4f4054ca4d94fa14aa063271ed2d0f6f) Importer(815301076,1909f56bfc062723c751e8b465ee728b)  -> (artifact id: '0a9b74004d411c5236fb7f26d80bd41d') in 0.018856 seconds
  Import took 0.027087 seconds .

========================================================================
Received Prepare
Registering precompiled user dll's ...
Registered in 0.001522 seconds.
Begin MonoManager ReloadAssembly
Native extension for WindowsStandalone target not found
Refreshing native plugins compatible for Editor in 0.50 ms, found 0 plugins.
Preloading 0 native plugins for Editor in 0.00 ms.
Invoked RoslynAnalysisRunner static constructor.
RoslynAnalysisRunner will not be running.
RoslynAnalysisRunner has terminated.
Mono: successfully reloaded assembly
- Completed reload, in  0.998 seconds
Platform modules already initialized, skipping
Shader 'Universal Render Pipeline/Particles/Lit': fallback shader 'Universal Render Pipeline/Particles/SimpleLit' not found
Shader 'Universal Render Pipeline/Particles/Lit': fallback shader 'Universal Render Pipeline/Particles/SimpleLit' not found
Refreshing native plugins compatible for Editor in 0.51 ms, found 0 plugins.
Preloading 0 native plugins for Editor in 0.00 ms.
Unloading 2328 Unused Serialized files (Serialized files now loaded: 0)
System memory in use before: 114.6 MB.
System memory in use after: 112.4 MB.

Unloading 40 unused Assets to reduce memory usage. Loaded Objects now: 2915.
Total: 6.290300 ms (FindLiveObjects: 0.511400 ms CreateObjectMapping: 0.234700 ms MarkObjects: 3.397100 ms  DeleteObjects: 2.144800 ms)

========================================================================
Received Prepare
Registering precompiled user dll's ...
Registered in 0.001456 seconds.
Begin MonoManager ReloadAssembly
Native extension for WindowsStandalone target not found
Refreshing native plugins compatible for Editor in 0.37 ms, found 0 plugins.
Preloading 0 native plugins for Editor in 0.00 ms.
Invoked RoslynAnalysisRunner static constructor.
RoslynAnalysisRunner will not be running.
RoslynAnalysisRunner has terminated.
Mono: successfully reloaded assembly
- Completed reload, in  0.876 seconds
Platform modules already initialized, skipping
Shader 'Universal Render Pipeline/Particles/Lit': fallback shader 'Universal Render Pipeline/Particles/SimpleLit' not found
Shader 'Universal Render Pipeline/Particles/Lit': fallback shader 'Universal Render Pipeline/Particles/SimpleLit' not found
Refreshing native plugins compatible for Editor in 0.50 ms, found 0 plugins.
Preloading 0 native plugins for Editor in 0.00 ms.
Unloading 2328 Unused Serialized files (Serialized files now loaded: 0)
System memory in use before: 114.7 MB.
System memory in use after: 112.5 MB.

Unloading 40 unused Assets to reduce memory usage. Loaded Objects now: 2917.
Total: 5.566200 ms (FindLiveObjects: 0.696800 ms CreateObjectMapping: 0.312900 ms MarkObjects: 2.723500 ms  DeleteObjects: 1.830400 ms)

========================================================================
Received Import Request.
  Time since last request: 267.816686 seconds.
  path: Assets/Scripts/Julia/Shooter.cs
  artifactKey: Guid(4f4054ca4d94fa14aa063271ed2d0f6f) Importer(815301076,1909f56bfc062723c751e8b465ee728b)
Start importing Assets/Scripts/Julia/Shooter.cs using Guid(4f4054ca4d94fa14aa063271ed2d0f6f) Importer(815301076,1909f56bfc062723c751e8b465ee728b)  -> (artifact id: '514fa43409ab89e06efb3a566cdd7dfc') in 0.005218 seconds
  Import took 0.009378 seconds .

========================================================================
Received Prepare
Registering precompiled user dll's ...
Registered in 0.001445 seconds.
Begin MonoManager ReloadAssembly
Native extension for WindowsStandalone target not found
Refreshing native plugins compatible for Editor in 0.38 ms, found 0 plugins.
Preloading 0 native plugins for Editor in 0.00 ms.
Invoked RoslynAnalysisRunner static constructor.
RoslynAnalysisRunner will not be running.
RoslynAnalysisRunner has terminated.
Mono: successfully reloaded assembly
- Completed reload, in  0.926 seconds
Platform modules already initialized, skipping
Shader 'Universal Render Pipeline/Particles/Lit': fallback shader 'Universal Render Pipeline/Particles/SimpleLit' not found
Shader 'Universal Render Pipeline/Particles/Lit': fallback shader 'Universal Render Pipeline/Particles/SimpleLit' not found
Refreshing native plugins compatible for Editor in 0.89 ms, found 0 plugins.
Preloading 0 native plugins for Editor in 0.00 ms.
Unloading 2328 Unused Serialized files (Serialized files now loaded: 0)
System memory in use before: 114.7 MB.
System memory in use after: 112.5 MB.

Unloading 40 unused Assets to reduce memory usage. Loaded Objects now: 2919.
Total: 3.181100 ms (FindLiveObjects: 0.274400 ms CreateObjectMapping: 0.117400 ms MarkObjects: 1.536800 ms  DeleteObjects: 1.251000 ms)

========================================================================
Received Import Request.
  Time since last request: 586.158597 seconds.
  path: Assets/Scripts/Julia/Shooter.cs
  artifactKey: Guid(4f4054ca4d94fa14aa063271ed2d0f6f) Importer(815301076,1909f56bfc062723c751e8b465ee728b)
Start importing Assets/Scripts/Julia/Shooter.cs using Guid(4f4054ca4d94fa14aa063271ed2d0f6f) Importer(815301076,1909f56bfc062723c751e8b465ee728b)  -> (artifact id: '9ed87b554a191c6a8aa04c5a17e4d846') in 0.005158 seconds
  Import took 0.008620 seconds .

========================================================================
Received Import Request.
  Time since last request: 4.403333 seconds.
  path: Assets/Scripts/Julia/Ammos.cs
  artifactKey: Guid(f6eab4b06dc7d8243a5d3d250249d3f5) Importer(815301076,1909f56bfc062723c751e8b465ee728b)
Start importing Assets/Scripts/Julia/Ammos.cs using Guid(f6eab4b06dc7d8243a5d3d250249d3f5) Importer(815301076,1909f56bfc062723c751e8b465ee728b)  -> (artifact id: '8d7b0efce43d6e69fe7a4920e8bcdcd8') in 0.014335 seconds
  Import took 0.023160 seconds .

========================================================================
Received Prepare
Registering precompiled user dll's ...
Registered in 0.016640 seconds.
Begin MonoManager ReloadAssembly
Native extension for WindowsStandalone target not found
Refreshing native plugins compatible for Editor in 0.68 ms, found 0 plugins.
Preloading 0 native plugins for Editor in 0.00 ms.
Invoked RoslynAnalysisRunner static constructor.
RoslynAnalysisRunner will not be running.
RoslynAnalysisRunner has terminated.
Mono: successfully reloaded assembly
- Completed reload, in  1.503 seconds
Platform modules already initialized, skipping
Shader 'Universal Render Pipeline/Particles/Lit': fallback shader 'Universal Render Pipeline/Particles/SimpleLit' not found
Shader 'Universal Render Pipeline/Particles/Lit': fallback shader 'Universal Render Pipeline/Particles/SimpleLit' not found
Refreshing native plugins compatible for Editor in 0.50 ms, found 0 plugins.
Preloading 0 native plugins for Editor in 0.00 ms.
Unloading 2329 Unused Serialized files (Serialized files now loaded: 0)
System memory in use before: 114.7 MB.
System memory in use after: 112.5 MB.

Unloading 40 unused Assets to reduce memory usage. Loaded Objects now: 2922.
Total: 5.603100 ms (FindLiveObjects: 0.545900 ms CreateObjectMapping: 0.248400 ms MarkObjects: 2.967800 ms  DeleteObjects: 1.838900 ms)

========================================================================
Received Prepare
Registering precompiled user dll's ...
Registered in 0.001372 seconds.
Begin MonoManager ReloadAssembly
Native extension for WindowsStandalone target not found
Refreshing native plugins compatible for Editor in 0.39 ms, found 0 plugins.
Preloading 0 native plugins for Editor in 0.00 ms.
Invoked RoslynAnalysisRunner static constructor.
RoslynAnalysisRunner will not be running.
RoslynAnalysisRunner has terminated.
Mono: successfully reloaded assembly
- Completed reload, in  0.935 seconds
Platform modules already initialized, skipping
Shader 'Universal Render Pipeline/Particles/Lit': fallback shader 'Universal Render Pipeline/Particles/SimpleLit' not found
Shader 'Universal Render Pipeline/Particles/Lit': fallback shader 'Universal Render Pipeline/Particles/SimpleLit' not found
Refreshing native plugins compatible for Editor in 0.45 ms, found 0 plugins.
Preloading 0 native plugins for Editor in 0.00 ms.
Unloading 2329 Unused Serialized files (Serialized files now loaded: 0)
System memory in use before: 114.7 MB.
System memory in use after: 112.5 MB.

Unloading 40 unused Assets to reduce memory usage. Loaded Objects now: 2924.
Total: 4.097300 ms (FindLiveObjects: 0.274300 ms CreateObjectMapping: 0.112400 ms MarkObjects: 1.765600 ms  DeleteObjects: 1.944000 ms)

========================================================================
Received Import Request.
  Time since last request: 106.493981 seconds.
  path: Assets/Scripts/Julia/Ammos.cs
  artifactKey: Guid(f6eab4b06dc7d8243a5d3d250249d3f5) Importer(815301076,1909f56bfc062723c751e8b465ee728b)
Start importing Assets/Scripts/Julia/Ammos.cs using Guid(f6eab4b06dc7d8243a5d3d250249d3f5) Importer(815301076,1909f56bfc062723c751e8b465ee728b)  -> (artifact id: 'ffdd55678eddd3ad3b73105f896394de') in 0.005817 seconds
  Import took 0.010437 seconds .

========================================================================
Received Import Request.
  Time since last request: 6.610257 seconds.
  path: ProjectSettings/TagManager.asset
  artifactKey: Guid(00000000000000003000000000000000) Importer(815301076,1909f56bfc062723c751e8b465ee728b)
Start importing ProjectSettings/TagManager.asset using Guid(00000000000000003000000000000000) Importer(815301076,1909f56bfc062723c751e8b465ee728b)  -> (artifact id: '909239fab692bd430c4cb9786be21eb6') in 0.034411 seconds
  Import took 0.039639 seconds .

========================================================================
Received Import Request.
  Time since last request: 103.426411 seconds.
  path: Assets/Prefabs/Ennemies/Ennemy.prefab
  artifactKey: Guid(51b1610d660a205469f7dc6f08edb2f4) Importer(815301076,1909f56bfc062723c751e8b465ee728b)
Start importing Assets/Prefabs/Ennemies/Ennemy.prefab using Guid(51b1610d660a205469f7dc6f08edb2f4) Importer(815301076,1909f56bfc062723c751e8b465ee728b)  -> (artifact id: 'ea4b5516cecd055e55df4208f6e70ce4') in 0.170504 seconds
  Import took 0.176824 seconds .

========================================================================
Received Import Request.
  Time since last request: 0.000304 seconds.
  path: Assets/Prefabs/Ennemies/Walker.prefab
  artifactKey: Guid(68160dcce929fb049ab7f3214f376b38) Importer(815301076,1909f56bfc062723c751e8b465ee728b)
Start importing Assets/Prefabs/Ennemies/Walker.prefab using Guid(68160dcce929fb049ab7f3214f376b38) Importer(815301076,1909f56bfc062723c751e8b465ee728b)  -> (artifact id: '021631d1b70eefafe9370816ae9d0151') in 0.010519 seconds
  Import took 0.014843 seconds .

========================================================================
Received Import Request.
  Time since last request: 0.000341 seconds.
  path: Assets/Prefabs/Ennemies/Sprinter.prefab
  artifactKey: Guid(d158a0af72e9af942ae3b37d168bba79) Importer(815301076,1909f56bfc062723c751e8b465ee728b)
Start importing Assets/Prefabs/Ennemies/Sprinter.prefab using Guid(d158a0af72e9af942ae3b37d168bba79) Importer(815301076,1909f56bfc062723c751e8b465ee728b)  -> (artifact id: '20afd32f47ef40cdf0d28c6b01842c21') in 0.013683 seconds
  Import took 0.020215 seconds .

========================================================================
Received Import Request.
  Time since last request: 1.422445 seconds.
  path: Assets/Prefabs/Ennemies/Ammo.prefab
  artifactKey: Guid(47e0218b82f6d664697806d59a08008d) Importer(815301076,1909f56bfc062723c751e8b465ee728b)
Start importing Assets/Prefabs/Ennemies/Ammo.prefab using Guid(47e0218b82f6d664697806d59a08008d) Importer(815301076,1909f56bfc062723c751e8b465ee728b)  -> (artifact id: '7545cb3f120c15d995adee2f3a676040') in 0.015189 seconds
  Import took 0.019607 seconds .

========================================================================
Received Import Request.
  Time since last request: 0.101869 seconds.
  path: Assets/Prefabs/Ennemies/Ammo.prefab
  artifactKey: Guid(47e0218b82f6d664697806d59a08008d) Importer(815301076,1909f56bfc062723c751e8b465ee728b)
Start importing Assets/Prefabs/Ennemies/Ammo.prefab using Guid(47e0218b82f6d664697806d59a08008d) Importer(815301076,1909f56bfc062723c751e8b465ee728b)  -> (artifact id: '7545cb3f120c15d995adee2f3a676040') in 0.010470 seconds
  Import took 0.015333 seconds .

========================================================================
Received Import Request.
  Time since last request: 1.157147 seconds.
  path: Assets/Prefabs/Ennemies/Shooter.prefab
  artifactKey: Guid(235d70250a42f3b4582087e14e9dd29e) Importer(815301076,1909f56bfc062723c751e8b465ee728b)
Start importing Assets/Prefabs/Ennemies/Shooter.prefab using Guid(235d70250a42f3b4582087e14e9dd29e) Importer(815301076,1909f56bfc062723c751e8b465ee728b)  -> (artifact id: '6d4585578475677ec431ea4e0d39b903') in 0.011449 seconds
  Import took 0.016285 seconds .

========================================================================
Received Import Request.
  Time since last request: 0.005537 seconds.
  path: Assets/Prefabs/Ennemies/Shooter.prefab
  artifactKey: Guid(235d70250a42f3b4582087e14e9dd29e) Importer(815301076,1909f56bfc062723c751e8b465ee728b)
Start importing Assets/Prefabs/Ennemies/Shooter.prefab using Guid(235d70250a42f3b4582087e14e9dd29e) Importer(815301076,1909f56bfc062723c751e8b465ee728b)  -> (artifact id: '6d4585578475677ec431ea4e0d39b903') in 0.012182 seconds
  Import took 0.017366 seconds .

========================================================================
Received Import Request.
  Time since last request: 6.160118 seconds.
  path: Assets/Prefabs/Ennemies/Shooter.prefab
  artifactKey: Guid(235d70250a42f3b4582087e14e9dd29e) Importer(815301076,1909f56bfc062723c751e8b465ee728b)
Start importing Assets/Prefabs/Ennemies/Shooter.prefab using Guid(235d70250a42f3b4582087e14e9dd29e) Importer(815301076,1909f56bfc062723c751e8b465ee728b)  -> (artifact id: 'ad97634cd0192e231329cfa35be57b25') in 0.011090 seconds
  Import took 0.016133 seconds .

========================================================================
Received Prepare
Registering precompiled user dll's ...
Registered in 0.001386 seconds.
Begin MonoManager ReloadAssembly
Native extension for WindowsStandalone target not found
Refreshing native plugins compatible for Editor in 0.38 ms, found 0 plugins.
Preloading 0 native plugins for Editor in 0.00 ms.
Invoked RoslynAnalysisRunner static constructor.
RoslynAnalysisRunner will not be running.
RoslynAnalysisRunner has terminated.
Mono: successfully reloaded assembly
- Completed reload, in  1.016 seconds
Platform modules already initialized, skipping
Shader 'Universal Render Pipeline/Particles/Lit': fallback shader 'Universal Render Pipeline/Particles/SimpleLit' not found
Shader 'Universal Render Pipeline/Particles/Lit': fallback shader 'Universal Render Pipeline/Particles/SimpleLit' not found
Refreshing native plugins compatible for Editor in 0.35 ms, found 0 plugins.
Preloading 0 native plugins for Editor in 0.00 ms.
Unloading 2329 Unused Serialized files (Serialized files now loaded: 0)
System memory in use before: 114.8 MB.
System memory in use after: 112.6 MB.

Unloading 41 unused Assets to reduce memory usage. Loaded Objects now: 2963.
Total: 3.501500 ms (FindLiveObjects: 0.289700 ms CreateObjectMapping: 0.143100 ms MarkObjects: 1.775300 ms  DeleteObjects: 1.292000 ms)

========================================================================
Received Prepare
Registering precompiled user dll's ...
Registered in 0.001394 seconds.
Begin MonoManager ReloadAssembly
Native extension for WindowsStandalone target not found
Refreshing native plugins compatible for Editor in 0.37 ms, found 0 plugins.
Preloading 0 native plugins for Editor in 0.00 ms.
Invoked RoslynAnalysisRunner static constructor.
RoslynAnalysisRunner will not be running.
RoslynAnalysisRunner has terminated.
Mono: successfully reloaded assembly
- Completed reload, in  0.798 seconds
Platform modules already initialized, skipping
Shader 'Universal Render Pipeline/Particles/Lit': fallback shader 'Universal Render Pipeline/Particles/SimpleLit' not found
Shader 'Universal Render Pipeline/Particles/Lit': fallback shader 'Universal Render Pipeline/Particles/SimpleLit' not found
Refreshing native plugins compatible for Editor in 0.39 ms, found 0 plugins.
Preloading 0 native plugins for Editor in 0.00 ms.
Unloading 2329 Unused Serialized files (Serialized files now loaded: 0)
System memory in use before: 114.9 MB.
System memory in use after: 112.7 MB.

Unloading 40 unused Assets to reduce memory usage. Loaded Objects now: 2965.
Total: 7.350700 ms (FindLiveObjects: 0.568400 ms CreateObjectMapping: 0.333800 ms MarkObjects: 3.718800 ms  DeleteObjects: 2.727400 ms)

========================================================================
Received Import Request.
  Time since last request: 198.436708 seconds.
  path: Assets/Prefabs/Ennemies/Shooter.prefab
  artifactKey: Guid(235d70250a42f3b4582087e14e9dd29e) Importer(815301076,1909f56bfc062723c751e8b465ee728b)
Start importing Assets/Prefabs/Ennemies/Shooter.prefab using Guid(235d70250a42f3b4582087e14e9dd29e) Importer(815301076,1909f56bfc062723c751e8b465ee728b)  -> (artifact id: '4cb682fcd14b510f5c0c28712672ff52') in 0.148492 seconds
  Import took 0.153932 seconds .

========================================================================
Received Import Request.
  Time since last request: 7.819159 seconds.
  path: Assets/Prefabs/Ennemies/Ammo.prefab
  artifactKey: Guid(47e0218b82f6d664697806d59a08008d) Importer(815301076,1909f56bfc062723c751e8b465ee728b)
Start importing Assets/Prefabs/Ennemies/Ammo.prefab using Guid(47e0218b82f6d664697806d59a08008d) Importer(815301076,1909f56bfc062723c751e8b465ee728b)  -> (artifact id: '01a557a7bf22f038913f123bbe7f2477') in 0.013245 seconds
  Import took 0.037029 seconds .

========================================================================
Received Import Request.
  Time since last request: 10.556150 seconds.
  path: Assets/Prefabs/Ennemies/Ammo.prefab
  artifactKey: Guid(47e0218b82f6d664697806d59a08008d) Importer(815301076,1909f56bfc062723c751e8b465ee728b)
Start importing Assets/Prefabs/Ennemies/Ammo.prefab using Guid(47e0218b82f6d664697806d59a08008d) Importer(815301076,1909f56bfc062723c751e8b465ee728b)  -> (artifact id: '5550d7d871a8faa1969c6064dd9807e7') in 0.015321 seconds
  Import took 0.028010 seconds .

========================================================================
Received Prepare
Registering precompiled user dll's ...
Registered in 0.001673 seconds.
Begin MonoManager ReloadAssembly
Native extension for WindowsStandalone target not found
Refreshing native plugins compatible for Editor in 0.57 ms, found 0 plugins.
Preloading 0 native plugins for Editor in 0.00 ms.
Invoked RoslynAnalysisRunner static constructor.
RoslynAnalysisRunner will not be running.
RoslynAnalysisRunner has terminated.
Mono: successfully reloaded assembly
- Completed reload, in  0.933 seconds
Platform modules already initialized, skipping
Shader 'Universal Render Pipeline/Particles/Lit': fallback shader 'Universal Render Pipeline/Particles/SimpleLit' not found
Shader 'Universal Render Pipeline/Particles/Lit': fallback shader 'Universal Render Pipeline/Particles/SimpleLit' not found
Refreshing native plugins compatible for Editor in 0.36 ms, found 0 plugins.
Preloading 0 native plugins for Editor in 0.00 ms.
Unloading 2329 Unused Serialized files (Serialized files now loaded: 0)
System memory in use before: 115.0 MB.
System memory in use after: 112.8 MB.

Unloading 40 unused Assets to reduce memory usage. Loaded Objects now: 3003.
Total: 3.870900 ms (FindLiveObjects: 0.490900 ms CreateObjectMapping: 0.143100 ms MarkObjects: 1.920700 ms  DeleteObjects: 1.313000 ms)

========================================================================
Received Import Request.
  Time since last request: 52.094386 seconds.
  path: Assets/Prefabs/Ennemies/Shooter.prefab
  artifactKey: Guid(235d70250a42f3b4582087e14e9dd29e) Importer(815301076,1909f56bfc062723c751e8b465ee728b)
Start importing Assets/Prefabs/Ennemies/Shooter.prefab using Guid(235d70250a42f3b4582087e14e9dd29e) Importer(815301076,1909f56bfc062723c751e8b465ee728b)  -> (artifact id: '3c1fd5c314156b0770aafb0e9bb22058') in 0.164870 seconds
  Import took 0.169038 seconds .

========================================================================
Received Import Request.
  Time since last request: 1.863611 seconds.
  path: Assets/Prefabs/Ennemies/Shooter.prefab
  artifactKey: Guid(235d70250a42f3b4582087e14e9dd29e) Importer(815301076,1909f56bfc062723c751e8b465ee728b)
Start importing Assets/Prefabs/Ennemies/Shooter.prefab using Guid(235d70250a42f3b4582087e14e9dd29e) Importer(815301076,1909f56bfc062723c751e8b465ee728b)  -> (artifact id: 'a9727e7966ca647a637bc2a6534f22bd') in 0.010896 seconds
  Import took 0.015784 seconds .

========================================================================
Received Prepare
Registering precompiled user dll's ...
Registered in 0.001455 seconds.
Begin MonoManager ReloadAssembly
Native extension for WindowsStandalone target not found
Refreshing native plugins compatible for Editor in 0.36 ms, found 0 plugins.
Preloading 0 native plugins for Editor in 0.00 ms.
Invoked RoslynAnalysisRunner static constructor.
RoslynAnalysisRunner will not be running.
RoslynAnalysisRunner has terminated.
Mono: successfully reloaded assembly
- Completed reload, in  0.814 seconds
Platform modules already initialized, skipping
Shader 'Universal Render Pipeline/Particles/Lit': fallback shader 'Universal Render Pipeline/Particles/SimpleLit' not found
Shader 'Universal Render Pipeline/Particles/Lit': fallback shader 'Universal Render Pipeline/Particles/SimpleLit' not found
Refreshing native plugins compatible for Editor in 0.35 ms, found 0 plugins.
Preloading 0 native plugins for Editor in 0.00 ms.
Unloading 2329 Unused Serialized files (Serialized files now loaded: 0)
System memory in use before: 115.1 MB.
System memory in use after: 112.9 MB.

Unloading 40 unused Assets to reduce memory usage. Loaded Objects now: 3041.
Total: 10.853800 ms (FindLiveObjects: 0.789700 ms CreateObjectMapping: 0.430200 ms MarkObjects: 5.781300 ms  DeleteObjects: 3.849500 ms)

========================================================================
Received Import Request.
  Time since last request: 42.174610 seconds.
  path: Assets/Prefabs/Ennemies/Ammo.prefab
  artifactKey: Guid(47e0218b82f6d664697806d59a08008d) Importer(815301076,1909f56bfc062723c751e8b465ee728b)
Start importing Assets/Prefabs/Ennemies/Ammo.prefab using Guid(47e0218b82f6d664697806d59a08008d) Importer(815301076,1909f56bfc062723c751e8b465ee728b)  -> (artifact id: '3c416051cbd6860299e955be41400827') in 0.146225 seconds
  Import took 0.150751 seconds .

========================================================================
Received Import Request.
  Time since last request: 5.771251 seconds.
  path: Assets/Prefabs/Ennemies/Ammo.prefab
  artifactKey: Guid(47e0218b82f6d664697806d59a08008d) Importer(815301076,1909f56bfc062723c751e8b465ee728b)
Start importing Assets/Prefabs/Ennemies/Ammo.prefab using Guid(47e0218b82f6d664697806d59a08008d) Importer(815301076,1909f56bfc062723c751e8b465ee728b)  -> (artifact id: '4434eea89be9b94429a69a0f1cbfcc01') in 0.012606 seconds
  Import took 0.043723 seconds .

========================================================================
Received Import Request.
  Time since last request: 6.645468 seconds.
  path: Assets/Prefabs/Ennemies/Ammo.prefab
  artifactKey: Guid(47e0218b82f6d664697806d59a08008d) Importer(815301076,1909f56bfc062723c751e8b465ee728b)
Start importing Assets/Prefabs/Ennemies/Ammo.prefab using Guid(47e0218b82f6d664697806d59a08008d) Importer(815301076,1909f56bfc062723c751e8b465ee728b)  -> (artifact id: '2a0264f3f2b3a9f63d99f8ea9199d25e') in 0.013400 seconds
  Import took 0.019115 seconds .

========================================================================
Received Prepare
Registering precompiled user dll's ...
Registered in 0.001343 seconds.
Begin MonoManager ReloadAssembly
Native extension for WindowsStandalone target not found
Refreshing native plugins compatible for Editor in 0.37 ms, found 0 plugins.
Preloading 0 native plugins for Editor in 0.00 ms.
Invoked RoslynAnalysisRunner static constructor.
RoslynAnalysisRunner will not be running.
RoslynAnalysisRunner has terminated.
Mono: successfully reloaded assembly
- Completed reload, in  0.923 seconds
Platform modules already initialized, skipping
Shader 'Universal Render Pipeline/Particles/Lit': fallback shader 'Universal Render Pipeline/Particles/SimpleLit' not found
Shader 'Universal Render Pipeline/Particles/Lit': fallback shader 'Universal Render Pipeline/Particles/SimpleLit' not found
Refreshing native plugins compatible for Editor in 0.38 ms, found 0 plugins.
Preloading 0 native plugins for Editor in 0.00 ms.
Unloading 2329 Unused Serialized files (Serialized files now loaded: 0)
System memory in use before: 115.3 MB.
System memory in use after: 113.1 MB.

Unloading 40 unused Assets to reduce memory usage. Loaded Objects now: 3079.
Total: 6.673100 ms (FindLiveObjects: 0.472800 ms CreateObjectMapping: 0.244000 ms MarkObjects: 3.661100 ms  DeleteObjects: 2.293300 ms)

========================================================================
Received Prepare
Registering precompiled user dll's ...
Registered in 0.002916 seconds.
Begin MonoManager ReloadAssembly
Native extension for WindowsStandalone target not found
Refreshing native plugins compatible for Editor in 0.65 ms, found 0 plugins.
Preloading 0 native plugins for Editor in 0.00 ms.
Invoked RoslynAnalysisRunner static constructor.
RoslynAnalysisRunner will not be running.
RoslynAnalysisRunner has terminated.
Mono: successfully reloaded assembly
- Completed reload, in  1.012 seconds
Platform modules already initialized, skipping
Shader 'Universal Render Pipeline/Particles/Lit': fallback shader 'Universal Render Pipeline/Particles/SimpleLit' not found
Shader 'Universal Render Pipeline/Particles/Lit': fallback shader 'Universal Render Pipeline/Particles/SimpleLit' not found
Refreshing native plugins compatible for Editor in 0.39 ms, found 0 plugins.
Preloading 0 native plugins for Editor in 0.00 ms.
Unloading 2329 Unused Serialized files (Serialized files now loaded: 0)
System memory in use before: 115.2 MB.
System memory in use after: 113.0 MB.

Unloading 40 unused Assets to reduce memory usage. Loaded Objects now: 3081.
Total: 4.419500 ms (FindLiveObjects: 0.406800 ms CreateObjectMapping: 0.169700 ms MarkObjects: 2.360400 ms  DeleteObjects: 1.480800 ms)

AssetImportWorkerClient::OnTransportError - code=2 error=End of file
